D:\VISUAL\HUFFMAN\HUFFMAN\DEBUG\BITSET.OBJ
D:\VISUAL\HUFFMAN\HUFFMAN\DEBUG\MAIN.OBJ
D:\VISUAL\HUFFMAN\HUFFMAN\DEBUG\VC110.PDB
D:\Visual\Huffman\Huffman\Debug\BitSet.obj
D:\Visual\Huffman\Huffman\Debug\main.obj
D:\Visual\Huffman\Huffman\Debug\cl.command.1.tlog
D:\Visual\Huffman\Huffman\Debug\CL.read.1.tlog
D:\Visual\Huffman\Huffman\Debug\CL.write.1.tlog
D:\Visual\Huffman\Huffman\Debug\link-cvtres.read.1.tlog
D:\Visual\Huffman\Huffman\Debug\link-cvtres.write.1.tlog
D:\Visual\Huffman\Huffman\Debug\link-rc.read.1.tlog
D:\Visual\Huffman\Huffman\Debug\link-rc.write.1.tlog
D:\Visual\Huffman\Huffman\Debug\link.1468-cvtres.read.1.tlog
D:\Visual\Huffman\Huffman\Debug\link.1468-cvtres.write.1.tlog
D:\Visual\Huffman\Huffman\Debug\link.1468-rc.read.1.tlog
D:\Visual\Huffman\Huffman\Debug\link.1468-rc.write.1.tlog
D:\Visual\Huffman\Huffman\Debug\link.1468.read.1.tlog
D:\Visual\Huffman\Huffman\Debug\link.1468.write.1.tlog
D:\Visual\Huffman\Huffman\Debug\link.1788-cvtres.read.1.tlog
D:\Visual\Huffman\Huffman\Debug\link.1788-cvtres.write.1.tlog
D:\Visual\Huffman\Huffman\Debug\link.1788-rc.read.1.tlog
D:\Visual\Huffman\Huffman\Debug\link.1788-rc.write.1.tlog
D:\Visual\Huffman\Huffman\Debug\link.1788.read.1.tlog
D:\Visual\Huffman\Huffman\Debug\link.1788.write.1.tlog
D:\Visual\Huffman\Huffman\Debug\link.1816-cvtres.read.1.tlog
D:\Visual\Huffman\Huffman\Debug\link.1816-cvtres.write.1.tlog
D:\Visual\Huffman\Huffman\Debug\link.1816-rc.read.1.tlog
D:\Visual\Huffman\Huffman\Debug\link.1816-rc.write.1.tlog
D:\Visual\Huffman\Huffman\Debug\link.1816.read.1.tlog
D:\Visual\Huffman\Huffman\Debug\link.1816.write.1.tlog
D:\Visual\Huffman\Huffman\Debug\link.2156-cvtres.read.1.tlog
D:\Visual\Huffman\Huffman\Debug\link.2156-cvtres.write.1.tlog
D:\Visual\Huffman\Huffman\Debug\link.2156-rc.read.1.tlog
D:\Visual\Huffman\Huffman\Debug\link.2156-rc.write.1.tlog
D:\Visual\Huffman\Huffman\Debug\link.2156.read.1.tlog
D:\Visual\Huffman\Huffman\Debug\link.2156.write.1.tlog
D:\Visual\Huffman\Huffman\Debug\link.3468-cvtres.read.1.tlog
D:\Visual\Huffman\Huffman\Debug\link.3468-cvtres.write.1.tlog
D:\Visual\Huffman\Huffman\Debug\link.3468-rc.read.1.tlog
D:\Visual\Huffman\Huffman\Debug\link.3468-rc.write.1.tlog
D:\Visual\Huffman\Huffman\Debug\link.3468.read.1.tlog
D:\Visual\Huffman\Huffman\Debug\link.3468.write.1.tlog
D:\Visual\Huffman\Huffman\Debug\link.3548-cvtres.read.1.tlog
D:\Visual\Huffman\Huffman\Debug\link.3548-cvtres.write.1.tlog
D:\Visual\Huffman\Huffman\Debug\link.3548-rc.read.1.tlog
D:\Visual\Huffman\Huffman\Debug\link.3548-rc.write.1.tlog
D:\Visual\Huffman\Huffman\Debug\link.3548.read.1.tlog
D:\Visual\Huffman\Huffman\Debug\link.3548.write.1.tlog
D:\Visual\Huffman\Huffman\Debug\link.4612-cvtres.read.1.tlog
D:\Visual\Huffman\Huffman\Debug\link.4612-cvtres.write.1.tlog
D:\Visual\Huffman\Huffman\Debug\link.4612-rc.read.1.tlog
D:\Visual\Huffman\Huffman\Debug\link.4612-rc.write.1.tlog
D:\Visual\Huffman\Huffman\Debug\link.4612.read.1.tlog
D:\Visual\Huffman\Huffman\Debug\link.4612.write.1.tlog
D:\Visual\Huffman\Huffman\Debug\link.4624-cvtres.read.1.tlog
D:\Visual\Huffman\Huffman\Debug\link.4624-cvtres.write.1.tlog
D:\Visual\Huffman\Huffman\Debug\link.4624-rc.read.1.tlog
D:\Visual\Huffman\Huffman\Debug\link.4624-rc.write.1.tlog
D:\Visual\Huffman\Huffman\Debug\link.4624.read.1.tlog
D:\Visual\Huffman\Huffman\Debug\link.4624.write.1.tlog
D:\Visual\Huffman\Huffman\Debug\link.4672-cvtres.read.1.tlog
D:\Visual\Huffman\Huffman\Debug\link.4672-cvtres.write.1.tlog
D:\Visual\Huffman\Huffman\Debug\link.4672-rc.read.1.tlog
D:\Visual\Huffman\Huffman\Debug\link.4672-rc.write.1.tlog
D:\Visual\Huffman\Huffman\Debug\link.4672.read.1.tlog
D:\Visual\Huffman\Huffman\Debug\link.4672.write.1.tlog
D:\Visual\Huffman\Huffman\Debug\link.4804-cvtres.read.1.tlog
D:\Visual\Huffman\Huffman\Debug\link.4804-cvtres.write.1.tlog
D:\Visual\Huffman\Huffman\Debug\link.4804-rc.read.1.tlog
D:\Visual\Huffman\Huffman\Debug\link.4804-rc.write.1.tlog
D:\Visual\Huffman\Huffman\Debug\link.4804.read.1.tlog
D:\Visual\Huffman\Huffman\Debug\link.4804.write.1.tlog
D:\Visual\Huffman\Huffman\Debug\link.5416-cvtres.read.1.tlog
D:\Visual\Huffman\Huffman\Debug\link.5416-cvtres.write.1.tlog
D:\Visual\Huffman\Huffman\Debug\link.5416-rc.read.1.tlog
D:\Visual\Huffman\Huffman\Debug\link.5416-rc.write.1.tlog
D:\Visual\Huffman\Huffman\Debug\link.5416.read.1.tlog
D:\Visual\Huffman\Huffman\Debug\link.5416.write.1.tlog
D:\Visual\Huffman\Huffman\Debug\link.5436-cvtres.read.1.tlog
D:\Visual\Huffman\Huffman\Debug\link.5436-cvtres.write.1.tlog
D:\Visual\Huffman\Huffman\Debug\link.5436-rc.read.1.tlog
D:\Visual\Huffman\Huffman\Debug\link.5436-rc.write.1.tlog
D:\Visual\Huffman\Huffman\Debug\link.5436.read.1.tlog
D:\Visual\Huffman\Huffman\Debug\link.5436.write.1.tlog
D:\Visual\Huffman\Huffman\Debug\link.6236-cvtres.read.1.tlog
D:\Visual\Huffman\Huffman\Debug\link.6236-cvtres.write.1.tlog
D:\Visual\Huffman\Huffman\Debug\link.6236-rc.read.1.tlog
D:\Visual\Huffman\Huffman\Debug\link.6236-rc.write.1.tlog
D:\Visual\Huffman\Huffman\Debug\link.6236.read.1.tlog
D:\Visual\Huffman\Huffman\Debug\link.6236.write.1.tlog
D:\Visual\Huffman\Huffman\Debug\link.6300-cvtres.read.1.tlog
D:\Visual\Huffman\Huffman\Debug\link.6300-cvtres.write.1.tlog
D:\Visual\Huffman\Huffman\Debug\link.6300-rc.read.1.tlog
D:\Visual\Huffman\Huffman\Debug\link.6300-rc.write.1.tlog
D:\Visual\Huffman\Huffman\Debug\link.6300.read.1.tlog
D:\Visual\Huffman\Huffman\Debug\link.6300.write.1.tlog
D:\Visual\Huffman\Huffman\Debug\link.6368-cvtres.read.1.tlog
D:\Visual\Huffman\Huffman\Debug\link.6368-cvtres.write.1.tlog
D:\Visual\Huffman\Huffman\Debug\link.6368-rc.read.1.tlog
D:\Visual\Huffman\Huffman\Debug\link.6368-rc.write.1.tlog
D:\Visual\Huffman\Huffman\Debug\link.6368.read.1.tlog
D:\Visual\Huffman\Huffman\Debug\link.6368.write.1.tlog
D:\Visual\Huffman\Huffman\Debug\link.6456-cvtres.read.1.tlog
D:\Visual\Huffman\Huffman\Debug\link.6456-cvtres.write.1.tlog
D:\Visual\Huffman\Huffman\Debug\link.6456-rc.read.1.tlog
D:\Visual\Huffman\Huffman\Debug\link.6456-rc.write.1.tlog
D:\Visual\Huffman\Huffman\Debug\link.6456.read.1.tlog
D:\Visual\Huffman\Huffman\Debug\link.6456.write.1.tlog
D:\Visual\Huffman\Huffman\Debug\link.6896-cvtres.read.1.tlog
D:\Visual\Huffman\Huffman\Debug\link.6896-cvtres.write.1.tlog
D:\Visual\Huffman\Huffman\Debug\link.6896-rc.read.1.tlog
D:\Visual\Huffman\Huffman\Debug\link.6896-rc.write.1.tlog
D:\Visual\Huffman\Huffman\Debug\link.6896.read.1.tlog
D:\Visual\Huffman\Huffman\Debug\link.6896.write.1.tlog
D:\Visual\Huffman\Huffman\Debug\link.7296-cvtres.read.1.tlog
D:\Visual\Huffman\Huffman\Debug\link.7296-cvtres.write.1.tlog
D:\Visual\Huffman\Huffman\Debug\link.7296-rc.read.1.tlog
D:\Visual\Huffman\Huffman\Debug\link.7296-rc.write.1.tlog
D:\Visual\Huffman\Huffman\Debug\link.7296.read.1.tlog
D:\Visual\Huffman\Huffman\Debug\link.7296.write.1.tlog
D:\Visual\Huffman\Huffman\Debug\link.7452-cvtres.read.1.tlog
D:\Visual\Huffman\Huffman\Debug\link.7452-cvtres.write.1.tlog
D:\Visual\Huffman\Huffman\Debug\link.7452-rc.read.1.tlog
D:\Visual\Huffman\Huffman\Debug\link.7452-rc.write.1.tlog
D:\Visual\Huffman\Huffman\Debug\link.7452.read.1.tlog
D:\Visual\Huffman\Huffman\Debug\link.7452.write.1.tlog
D:\Visual\Huffman\Huffman\Debug\link.7584-cvtres.read.1.tlog
D:\Visual\Huffman\Huffman\Debug\link.7584-cvtres.write.1.tlog
D:\Visual\Huffman\Huffman\Debug\link.7584-rc.read.1.tlog
D:\Visual\Huffman\Huffman\Debug\link.7584-rc.write.1.tlog
D:\Visual\Huffman\Huffman\Debug\link.7584.read.1.tlog
D:\Visual\Huffman\Huffman\Debug\link.7584.write.1.tlog
D:\Visual\Huffman\Huffman\Debug\link.7860-cvtres.read.1.tlog
D:\Visual\Huffman\Huffman\Debug\link.7860-cvtres.write.1.tlog
D:\Visual\Huffman\Huffman\Debug\link.7860-rc.read.1.tlog
D:\Visual\Huffman\Huffman\Debug\link.7860-rc.write.1.tlog
D:\Visual\Huffman\Huffman\Debug\link.7860.read.1.tlog
D:\Visual\Huffman\Huffman\Debug\link.7860.write.1.tlog
D:\Visual\Huffman\Huffman\Debug\link.8092-cvtres.read.1.tlog
D:\Visual\Huffman\Huffman\Debug\link.8092-cvtres.write.1.tlog
D:\Visual\Huffman\Huffman\Debug\link.8092-rc.read.1.tlog
D:\Visual\Huffman\Huffman\Debug\link.8092-rc.write.1.tlog
D:\Visual\Huffman\Huffman\Debug\link.8092.read.1.tlog
D:\Visual\Huffman\Huffman\Debug\link.8092.write.1.tlog
D:\Visual\Huffman\Huffman\Debug\link.command.1.tlog
D:\Visual\Huffman\Huffman\Debug\link.read.1.tlog
D:\Visual\Huffman\Huffman\Debug\link.write.1.tlog
D:\Visual\Huffman\Huffman\Debug\vc110.idb
D:\Visual\Huffman\Huffman\Debug\vc110.pdb
D:\Visual\Huffman\Debug\Huffman.pdb
